[debug] [2023-03-25T23:50:39.436Z] ----------------------------------------------------------------------
[debug] [2023-03-25T23:50:39.438Z] Command:       /Users/thomastaulo/.nvm/versions/node/v18.13.0/bin/node /Users/thomastaulo/.nvm/versions/node/v18.13.0/bin/firebase deploy
[debug] [2023-03-25T23:50:39.438Z] CLI Version:   11.22.0
[debug] [2023-03-25T23:50:39.438Z] Platform:      darwin
[debug] [2023-03-25T23:50:39.439Z] Node Version:  v18.13.0
[debug] [2023-03-25T23:50:39.449Z] Time:          Sun Mar 26 2023 00:50:39 GMT+0100 (Centraleuropæisk normaltid)
[debug] [2023-03-25T23:50:39.450Z] ----------------------------------------------------------------------
[debug] 
[debug] [2023-03-25T23:50:39.454Z] >>> [apiv2][query] GET https://firebase-public.firebaseio.com/cli.json [none]
[debug] [2023-03-25T23:50:39.568Z] > command requires scopes: ["email","openid","https://www.googleapis.com/auth/cloudplatformprojects.readonly","https://www.googleapis.com/auth/firebase","https://www.googleapis.com/auth/cloud-platform"]
[debug] [2023-03-25T23:50:39.569Z] > authorizing via signed-in user (besttauloeu@gmail.com)
[debug] [2023-03-25T23:50:39.569Z] [iam] checking project biavlerforening-66d6d for permissions ["firebase.projects.get","firebasehosting.sites.update"]
[debug] [2023-03-25T23:50:39.570Z] > refreshing access token with scopes: []
[debug] [2023-03-25T23:50:39.571Z] >>> [apiv2][query] POST https://www.googleapis.com/oauth2/v3/token [none]
[debug] [2023-03-25T23:50:39.571Z] >>> [apiv2][body] POST https://www.googleapis.com/oauth2/v3/token [omitted]
[warn] ⚠  Unable to fetch the CLI MOTD and remote config. 
[debug] [2023-03-25T23:50:44.583Z] Failed to fetch MOTD FirebaseError: Failed to make request to https://firebase-public.firebaseio.com/cli.json
[debug] [2023-03-25T23:50:44.584Z] [iam] error while checking permissions, command may fail: FirebaseError: Authentication Error: Your credentials are no longer valid. Please run firebase login --reauth

For CI servers and headless environments, generate a new token with firebase login:ci
[debug] [2023-03-25T23:50:44.584Z] > refreshing access token with scopes: []
[debug] [2023-03-25T23:50:44.585Z] >>> [apiv2][query] POST https://www.googleapis.com/oauth2/v3/token [none]
[debug] [2023-03-25T23:50:44.585Z] >>> [apiv2][body] POST https://www.googleapis.com/oauth2/v3/token [omitted]
[debug] [2023-03-25T23:50:50.619Z] Authentication Error: Your credentials are no longer valid. Please run firebase login --reauth

For CI servers and headless environments, generate a new token with firebase login:ci
[debug] [2023-03-25T23:50:50.624Z] FirebaseError: Authentication Error: Your credentials are no longer valid. Please run firebase login --reauth

For CI servers and headless environments, generate a new token with firebase login:ci
    at invalidCredentialError (/Users/thomastaulo/.nvm/versions/node/v18.13.0/lib/node_modules/firebase-tools/lib/auth.js:144:12)
    at refreshTokens (/Users/thomastaulo/.nvm/versions/node/v18.13.0/lib/node_modules/firebase-tools/lib/auth.js:508:15)
    at process.processTicksAndRejections (node:internal/process/task_queues:95:5)
    at async Client.getAccessToken (/Users/thomastaulo/.nvm/versions/node/v18.13.0/lib/node_modules/firebase-tools/lib/apiv2.js:149:23)
    at async Client.addAuthHeader (/Users/thomastaulo/.nvm/versions/node/v18.13.0/lib/node_modules/firebase-tools/lib/apiv2.js:140:21)
    at async Client.request (/Users/thomastaulo/.nvm/versions/node/v18.13.0/lib/node_modules/firebase-tools/lib/apiv2.js:96:34)
    at async getFirebaseProject (/Users/thomastaulo/.nvm/versions/node/v18.13.0/lib/node_modules/firebase-tools/lib/management/projects.js:295:21)
    at async getDefaultHostingSite (/Users/thomastaulo/.nvm/versions/node/v18.13.0/lib/node_modules/firebase-tools/lib/getDefaultHostingSite.js:8:21)
    at async requireHostingSite (/Users/thomastaulo/.nvm/versions/node/v18.13.0/lib/node_modules/firebase-tools/lib/requireHostingSite.js:9:18)
    at async Object.fn (/Users/thomastaulo/.nvm/versions/node/v18.13.0/lib/node_modules/firebase-tools/lib/commands/deploy.js:74:9)
    at async /Users/thomastaulo/.nvm/versions/node/v18.13.0/lib/node_modules/firebase-tools/lib/command.js:214:17
[error] 
[error] Error: Failed to get Firebase project biavlerforening-66d6d. Please make sure the project exists and your account has permission to access it.
[debug] [2023-03-25T23:51:24.244Z] ----------------------------------------------------------------------
[debug] [2023-03-25T23:51:24.246Z] Command:       /Users/thomastaulo/.nvm/versions/node/v18.13.0/bin/node /Users/thomastaulo/.nvm/versions/node/v18.13.0/bin/firebase deploy
[debug] [2023-03-25T23:51:24.247Z] CLI Version:   11.22.0
[debug] [2023-03-25T23:51:24.247Z] Platform:      darwin
[debug] [2023-03-25T23:51:24.247Z] Node Version:  v18.13.0
[debug] [2023-03-25T23:51:24.256Z] Time:          Sun Mar 26 2023 00:51:24 GMT+0100 (Centraleuropæisk normaltid)
[debug] [2023-03-25T23:51:24.257Z] ----------------------------------------------------------------------
[debug] 
[debug] [2023-03-25T23:51:24.263Z] >>> [apiv2][query] GET https://firebase-public.firebaseio.com/cli.json [none]
[debug] [2023-03-25T23:51:24.390Z] > command requires scopes: ["email","openid","https://www.googleapis.com/auth/cloudplatformprojects.readonly","https://www.googleapis.com/auth/firebase","https://www.googleapis.com/auth/cloud-platform"]
[debug] [2023-03-25T23:51:24.391Z] > authorizing via signed-in user (besttauloeu@gmail.com)
[debug] [2023-03-25T23:51:24.391Z] [iam] checking project biavlerforening-66d6d for permissions ["firebase.projects.get","firebasehosting.sites.update"]
[debug] [2023-03-25T23:51:24.392Z] > refreshing access token with scopes: []
[debug] [2023-03-25T23:51:24.393Z] >>> [apiv2][query] POST https://www.googleapis.com/oauth2/v3/token [none]
[debug] [2023-03-25T23:51:24.393Z] >>> [apiv2][body] POST https://www.googleapis.com/oauth2/v3/token [omitted]
[warn] ⚠  Unable to fetch the CLI MOTD and remote config. 
[debug] [2023-03-25T23:51:30.456Z] Failed to fetch MOTD FirebaseError: Failed to make request to https://firebase-public.firebaseio.com/cli.json
[debug] [2023-03-25T23:51:30.457Z] [iam] error while checking permissions, command may fail: FirebaseError: Authentication Error: Your credentials are no longer valid. Please run firebase login --reauth

For CI servers and headless environments, generate a new token with firebase login:ci
[debug] [2023-03-25T23:51:30.457Z] > refreshing access token with scopes: []
[debug] [2023-03-25T23:51:30.458Z] >>> [apiv2][query] POST https://www.googleapis.com/oauth2/v3/token [none]
[debug] [2023-03-25T23:51:30.461Z] >>> [apiv2][body] POST https://www.googleapis.com/oauth2/v3/token [omitted]
[debug] [2023-03-25T23:51:36.486Z] Authentication Error: Your credentials are no longer valid. Please run firebase login --reauth

For CI servers and headless environments, generate a new token with firebase login:ci
[debug] [2023-03-25T23:51:36.489Z] FirebaseError: Authentication Error: Your credentials are no longer valid. Please run firebase login --reauth

For CI servers and headless environments, generate a new token with firebase login:ci
    at invalidCredentialError (/Users/thomastaulo/.nvm/versions/node/v18.13.0/lib/node_modules/firebase-tools/lib/auth.js:144:12)
    at refreshTokens (/Users/thomastaulo/.nvm/versions/node/v18.13.0/lib/node_modules/firebase-tools/lib/auth.js:508:15)
    at process.processTicksAndRejections (node:internal/process/task_queues:95:5)
    at async Client.getAccessToken (/Users/thomastaulo/.nvm/versions/node/v18.13.0/lib/node_modules/firebase-tools/lib/apiv2.js:149:23)
    at async Client.addAuthHeader (/Users/thomastaulo/.nvm/versions/node/v18.13.0/lib/node_modules/firebase-tools/lib/apiv2.js:140:21)
    at async Client.request (/Users/thomastaulo/.nvm/versions/node/v18.13.0/lib/node_modules/firebase-tools/lib/apiv2.js:96:34)
    at async getFirebaseProject (/Users/thomastaulo/.nvm/versions/node/v18.13.0/lib/node_modules/firebase-tools/lib/management/projects.js:295:21)
    at async getDefaultHostingSite (/Users/thomastaulo/.nvm/versions/node/v18.13.0/lib/node_modules/firebase-tools/lib/getDefaultHostingSite.js:8:21)
    at async requireHostingSite (/Users/thomastaulo/.nvm/versions/node/v18.13.0/lib/node_modules/firebase-tools/lib/requireHostingSite.js:9:18)
    at async Object.fn (/Users/thomastaulo/.nvm/versions/node/v18.13.0/lib/node_modules/firebase-tools/lib/commands/deploy.js:74:9)
    at async /Users/thomastaulo/.nvm/versions/node/v18.13.0/lib/node_modules/firebase-tools/lib/command.js:214:17
[error] 
[error] Error: Failed to get Firebase project biavlerforening-66d6d. Please make sure the project exists and your account has permission to access it.
